<?xml version="1.0" encoding="UTF-8"?>
<testng-results ignored="0" total="1" passed="1" failed="0" skipped="0">
  <reporter-output>
  </reporter-output>
  <suite started-at="2025-02-08T16:49:06 IST" name="Default suite" finished-at="2025-02-08T16:49:08 IST" duration-ms="1716">
    <groups>
    </groups>
    <test started-at="2025-02-08T16:49:06 IST" name="Default test" finished-at="2025-02-08T16:49:08 IST" duration-ms="1716">
      <class name="demo.JWTTOKENAUTHENDICATION">
        <test-method signature="testLoginAndGetToken()[pri:0, instance:demo.JWTTOKENAUTHENDICATION@4e91d63f]" started-at="2025-02-08T16:49:06 IST" name="testLoginAndGetToken" finished-at="2025-02-08T16:49:08 IST" duration-ms="1705" status="PASS">
          <reporter-output>
          </reporter-output>
        </test-method> <!-- testLoginAndGetToken -->
      </class> <!-- demo.JWTTOKENAUTHENDICATION -->
    </test> <!-- Default test -->
  </suite> <!-- Default suite -->
</testng-results>
