<?xml version="1.0" encoding="UTF-8"?>
<testng-results ignored="0" total="1" passed="1" failed="0" skipped="0">
  <reporter-output>
  </reporter-output>
  <suite started-at="2024-11-29T18:45:36 IST" name="Default suite" finished-at="2024-11-29T18:45:38 IST" duration-ms="1403">
    <groups>
    </groups>
    <test started-at="2024-11-29T18:45:36 IST" name="Default test" finished-at="2024-11-29T18:45:38 IST" duration-ms="1403">
      <class name="tests.SoapXMLRequest">
        <test-method signature="validateSoapXML()[pri:0, instance:tests.SoapXMLRequest@6580cfdd]" started-at="2024-11-29T18:45:36 IST" name="validateSoapXML" finished-at="2024-11-29T18:45:38 IST" duration-ms="1387" status="PASS">
          <reporter-output>
          </reporter-output>
        </test-method> <!-- validateSoapXML -->
      </class> <!-- tests.SoapXMLRequest -->
    </test> <!-- Default test -->
  </suite> <!-- Default suite -->
</testng-results>
